TN:
SF:apps\services\src\controllers\appliance\appliance.controller.ts
FN:5,(anonymous_0)
FN:6,(anonymous_1)
FN:15,(anonymous_2)
FN:40,(anonymous_3)
FN:47,(anonymous_4)
FN:66,(anonymous_5)
FN:84,(anonymous_6)
FN:92,(anonymous_7)
FN:111,(anonymous_8)
FN:128,(anonymous_9)
FN:138,(anonymous_10)
FN:167,(anonymous_11)
FN:167,(anonymous_12)
FN:174,(anonymous_13)
FNF:14
FNH:12
FNDA:1,(anonymous_0)
FNDA:2,(anonymous_1)
FNDA:2,(anonymous_2)
FNDA:1,(anonymous_3)
FNDA:2,(anonymous_4)
FNDA:0,(anonymous_5)
FNDA:3,(anonymous_6)
FNDA:4,(anonymous_7)
FNDA:0,(anonymous_8)
FNDA:3,(anonymous_9)
FNDA:4,(anonymous_10)
FNDA:1,(anonymous_11)
FNDA:1,(anonymous_12)
FNDA:2,(anonymous_13)
DA:1,1
DA:4,1
DA:5,1
DA:6,1
DA:7,2
DA:9,2
DA:12,2
DA:13,2
DA:16,2
DA:17,0
DA:18,0
DA:23,2
DA:24,2
DA:31,1
DA:33,1
DA:34,1
DA:40,1
DA:41,1
DA:42,1
DA:44,1
DA:45,1
DA:48,2
DA:49,0
DA:50,0
DA:53,2
DA:54,1
DA:55,1
DA:60,1
DA:61,1
DA:66,1
DA:67,0
DA:72,0
DA:75,0
DA:77,1
DA:78,1
DA:84,1
DA:85,3
DA:87,3
DA:89,3
DA:90,3
DA:93,4
DA:94,0
DA:95,0
DA:98,4
DA:99,2
DA:100,2
DA:105,2
DA:106,2
DA:111,2
DA:112,0
DA:119,0
DA:121,3
DA:122,3
DA:128,1
DA:129,3
DA:130,3
DA:132,3
DA:135,3
DA:136,3
DA:139,4
DA:140,0
DA:141,0
DA:144,4
DA:145,2
DA:146,2
DA:151,2
DA:152,2
DA:159,2
DA:161,1
DA:167,1
DA:168,1
DA:169,1
DA:171,1
DA:172,1
DA:175,2
DA:176,0
DA:177,0
DA:180,2
DA:181,1
DA:182,1
DA:187,1
DA:188,1
DA:195,1
DA:197,0
DA:198,0
LF:85
LH:68
BRDA:16,0,0,0
BRDA:16,0,1,2
BRDA:48,1,0,0
BRDA:48,1,1,2
BRDA:53,2,0,1
BRDA:53,2,1,1
BRDA:93,3,0,0
BRDA:93,3,1,4
BRDA:98,4,0,2
BRDA:98,4,1,2
BRDA:139,5,0,0
BRDA:139,5,1,4
BRDA:144,6,0,2
BRDA:144,6,1,2
BRDA:175,7,0,0
BRDA:175,7,1,2
BRDA:180,8,0,1
BRDA:180,8,1,1
BRF:18
BRH:13
end_of_record
TN:
SF:apps\services\src\controllers\key\key.controller.ts
FN:5,(anonymous_0)
FN:6,(anonymous_1)
FN:15,(anonymous_2)
FN:39,(anonymous_3)
FN:46,(anonymous_4)
FN:65,(anonymous_5)
FN:85,(anonymous_6)
FN:93,(anonymous_7)
FN:112,(anonymous_8)
FN:131,(anonymous_9)
FN:140,(anonymous_10)
FN:170,(anonymous_11)
FN:170,(anonymous_12)
FN:177,(anonymous_13)
FNF:14
FNH:12
FNDA:6,(anonymous_0)
FNDA:3,(anonymous_1)
FNDA:4,(anonymous_2)
FNDA:1,(anonymous_3)
FNDA:2,(anonymous_4)
FNDA:0,(anonymous_5)
FNDA:3,(anonymous_6)
FNDA:6,(anonymous_7)
FNDA:0,(anonymous_8)
FNDA:4,(anonymous_9)
FNDA:6,(anonymous_10)
FNDA:3,(anonymous_11)
FNDA:3,(anonymous_12)
FNDA:4,(anonymous_13)
DA:1,2
DA:4,2
DA:5,2
DA:6,6
DA:7,3
DA:9,3
DA:12,3
DA:13,3
DA:16,4
DA:17,0
DA:18,0
DA:22,4
DA:23,4
DA:30,1
DA:32,2
DA:33,2
DA:39,6
DA:40,1
DA:41,1
DA:43,1
DA:44,1
DA:47,2
DA:48,0
DA:49,0
DA:52,2
DA:53,1
DA:54,1
DA:59,1
DA:60,1
DA:65,1
DA:66,0
DA:73,0
DA:76,0
DA:78,1
DA:79,1
DA:85,6
DA:86,3
DA:88,3
DA:90,3
DA:91,3
DA:94,6
DA:95,0
DA:96,0
DA:99,6
DA:100,1
DA:101,1
DA:106,5
DA:107,5
DA:112,3
DA:113,0
DA:122,0
DA:124,3
DA:125,3
DA:131,6
DA:132,4
DA:133,4
DA:135,4
DA:137,4
DA:138,4
DA:141,6
DA:142,0
DA:143,0
DA:146,6
DA:147,1
DA:148,1
DA:153,5
DA:154,5
DA:161,2
DA:163,2
DA:164,2
DA:170,6
DA:171,3
DA:172,3
DA:174,3
DA:175,3
DA:178,4
DA:179,0
DA:180,0
DA:183,4
DA:184,1
DA:185,1
DA:190,3
DA:191,3
DA:198,2
DA:200,1
DA:201,1
LF:86
LH:71
BRDA:16,0,0,0
BRDA:16,0,1,4
BRDA:47,1,0,0
BRDA:47,1,1,2
BRDA:52,2,0,1
BRDA:52,2,1,1
BRDA:94,3,0,0
BRDA:94,3,1,6
BRDA:99,4,0,1
BRDA:99,4,1,5
BRDA:141,5,0,0
BRDA:141,5,1,6
BRDA:146,6,0,1
BRDA:146,6,1,5
BRDA:178,7,0,0
BRDA:178,7,1,4
BRDA:183,8,0,1
BRDA:183,8,1,3
BRF:18
BRH:13
end_of_record
TN:
SF:apps\services\src\controllers\system\system.controller.ts
FN:5,(anonymous_0)
FN:6,(anonymous_1)
FN:21,(anonymous_2)
FN:45,(anonymous_3)
FN:52,(anonymous_4)
FN:71,(anonymous_5)
FN:94,(anonymous_6)
FN:102,(anonymous_7)
FN:121,(anonymous_8)
FN:142,(anonymous_9)
FN:158,(anonymous_10)
FN:187,(anonymous_11)
FN:187,(anonymous_12)
FN:194,(anonymous_13)
FNF:14
FNH:12
FNDA:1,(anonymous_0)
FNDA:3,(anonymous_1)
FNDA:3,(anonymous_2)
FNDA:3,(anonymous_3)
FNDA:3,(anonymous_4)
FNDA:0,(anonymous_5)
FNDA:2,(anonymous_6)
FNDA:3,(anonymous_7)
FNDA:0,(anonymous_8)
FNDA:3,(anonymous_9)
FNDA:3,(anonymous_10)
FNDA:3,(anonymous_11)
FNDA:3,(anonymous_12)
FNDA:3,(anonymous_13)
DA:1,1
DA:4,1
DA:5,1
DA:6,1
DA:13,3
DA:15,3
DA:18,3
DA:19,3
DA:22,3
DA:23,1
DA:24,1
DA:28,2
DA:29,2
DA:36,2
DA:38,1
DA:39,1
DA:45,1
DA:46,3
DA:47,3
DA:49,3
DA:50,3
DA:53,3
DA:54,1
DA:55,1
DA:58,2
DA:59,1
DA:60,1
DA:65,1
DA:66,1
DA:71,2
DA:72,0
DA:82,0
DA:85,0
DA:87,3
DA:88,3
DA:94,1
DA:95,2
DA:97,2
DA:99,2
DA:100,2
DA:103,3
DA:104,1
DA:105,1
DA:108,2
DA:109,1
DA:110,1
DA:115,1
DA:116,1
DA:121,2
DA:122,0
DA:133,0
DA:135,2
DA:136,2
DA:142,1
DA:143,3
DA:150,3
DA:152,3
DA:155,3
DA:156,3
DA:159,3
DA:160,1
DA:161,1
DA:164,2
DA:165,1
DA:166,1
DA:171,1
DA:172,1
DA:178,2
DA:180,1
DA:181,1
DA:187,3
DA:188,3
DA:189,3
DA:191,3
DA:192,3
DA:195,3
DA:196,1
DA:197,1
DA:200,2
DA:201,1
DA:202,1
DA:207,1
DA:208,1
DA:215,2
DA:217,1
DA:218,1
LF:86
LH:81
BRDA:22,0,0,1
BRDA:22,0,1,2
BRDA:53,1,0,1
BRDA:53,1,1,2
BRDA:58,2,0,1
BRDA:58,2,1,1
BRDA:103,3,0,1
BRDA:103,3,1,2
BRDA:108,4,0,1
BRDA:108,4,1,1
BRDA:159,5,0,1
BRDA:159,5,1,2
BRDA:164,6,0,1
BRDA:164,6,1,1
BRDA:195,7,0,1
BRDA:195,7,1,2
BRDA:200,8,0,1
BRDA:200,8,1,1
BRF:18
BRH:18
end_of_record
TN:
SF:apps\services\src\controllers\user\user.controller.ts
FN:6,(anonymous_0)
FN:7,(anonymous_1)
FN:14,(anonymous_2)
FN:33,(anonymous_3)
FN:54,(anonymous_4)
FN:62,(anonymous_5)
FN:81,(anonymous_6)
FN:101,(anonymous_7)
FN:109,(anonymous_8)
FN:139,(anonymous_9)
FN:146,(anonymous_10)
FNF:11
FNH:9
FNDA:1,(anonymous_0)
FNDA:3,(anonymous_1)
FNDA:2,(anonymous_2)
FNDA:0,(anonymous_3)
FNDA:3,(anonymous_4)
FNDA:2,(anonymous_5)
FNDA:0,(anonymous_6)
FNDA:3,(anonymous_7)
FNDA:3,(anonymous_8)
FNDA:3,(anonymous_9)
FNDA:3,(anonymous_10)
DA:1,1
DA:4,1
DA:6,1
DA:7,1
DA:8,3
DA:9,3
DA:10,3
DA:11,3
DA:12,3
DA:15,2
DA:16,0
DA:17,0
DA:20,2
DA:21,1
DA:22,1
DA:27,1
DA:28,1
DA:33,1
DA:34,0
DA:42,0
DA:45,0
DA:47,3
DA:48,3
DA:54,1
DA:55,3
DA:57,3
DA:59,3
DA:60,3
DA:63,2
DA:64,0
DA:65,0
DA:68,2
DA:69,1
DA:70,1
DA:75,1
DA:76,1
DA:81,1
DA:82,0
DA:92,0
DA:94,3
DA:95,3
DA:101,1
DA:102,3
DA:103,3
DA:104,3
DA:105,3
DA:106,3
DA:107,3
DA:110,3
DA:111,1
DA:112,1
DA:115,2
DA:116,1
DA:117,1
DA:122,1
DA:123,1
DA:130,2
DA:132,1
DA:133,1
DA:139,1
DA:140,3
DA:141,3
DA:143,3
DA:144,3
DA:147,3
DA:148,1
DA:149,1
DA:152,2
DA:153,1
DA:154,1
DA:159,1
DA:160,1
DA:167,2
DA:169,1
DA:170,1
LF:75
LH:66
BRDA:15,0,0,0
BRDA:15,0,1,2
BRDA:20,1,0,1
BRDA:20,1,1,1
BRDA:63,2,0,0
BRDA:63,2,1,2
BRDA:68,3,0,1
BRDA:68,3,1,1
BRDA:110,4,0,1
BRDA:110,4,1,2
BRDA:115,5,0,1
BRDA:115,5,1,1
BRDA:147,6,0,1
BRDA:147,6,1,2
BRDA:152,7,0,1
BRDA:152,7,1,1
BRF:16
BRH:14
end_of_record
TN:
SF:apps\services\src\routes\default.ts
FN:1,testHelloWorld
FNF:1
FNH:1
FNDA:1,testHelloWorld
DA:2,1
DA:5,1
LF:2
LH:2
BRF:0
BRH:0
end_of_record
TN:
SF:apps\services\src\routes\appliance\appliance.router.ts
FN:6,(anonymous_0)
FNF:1
FNH:1
FNDA:1,(anonymous_0)
DA:1,1
DA:2,1
DA:3,1
DA:4,1
DA:6,1
DA:7,1
DA:12,1
DA:13,1
DA:18,1
DA:19,1
DA:20,1
DA:25,1
LF:12
LH:12
BRF:0
BRH:0
end_of_record
TN:
SF:apps\services\src\routes\auth\auth.router.ts
FN:6,(anonymous_0)
FNF:1
FNH:1
FNDA:1,(anonymous_0)
DA:1,1
DA:2,1
DA:3,1
DA:4,1
DA:6,1
DA:7,1
DA:12,1
DA:14,1
DA:15,1
DA:16,1
DA:17,1
LF:11
LH:11
BRF:0
BRH:0
end_of_record
TN:
SF:apps\services\src\routes\basic.calculation\basic.calculation.router.ts
FN:6,(anonymous_0)
FNF:1
FNH:0
FNDA:0,(anonymous_0)
DA:1,1
DA:2,1
DA:3,1
DA:4,1
DA:6,1
DA:7,0
DA:12,1
DA:13,1
DA:18,1
DA:22,1
DA:26,1
DA:31,1
LF:12
LH:11
BRF:0
BRH:0
end_of_record
TN:
SF:apps\services\src\routes\image\image.router.ts
FN:6,(anonymous_0)
FNF:1
FNH:1
FNDA:1,(anonymous_0)
DA:1,1
DA:2,1
DA:3,1
DA:4,1
DA:6,1
DA:7,1
DA:12,1
DA:13,1
DA:14,1
DA:15,1
DA:16,1
DA:21,1
LF:12
LH:12
BRF:0
BRH:0
end_of_record
TN:
SF:apps\services\src\routes\key\key.router.ts
FN:6,(anonymous_0)
FNF:1
FNH:1
FNDA:1,(anonymous_0)
DA:1,1
DA:2,1
DA:3,1
DA:4,1
DA:6,1
DA:7,1
DA:12,1
DA:13,1
DA:14,1
DA:15,1
DA:16,1
DA:17,1
LF:12
LH:12
BRF:0
BRH:0
end_of_record
TN:
SF:apps\services\src\routes\report\report.router.ts
FN:6,(anonymous_0)
FNF:1
FNH:1
FNDA:1,(anonymous_0)
DA:1,1
DA:2,1
DA:3,1
DA:4,1
DA:6,1
DA:7,1
DA:12,1
DA:13,1
DA:14,1
DA:15,1
DA:16,1
DA:21,1
LF:12
LH:12
BRF:0
BRH:0
end_of_record
TN:
SF:apps\services\src\routes\report.appliance\report.appliance.router.ts
FN:6,(anonymous_0)
FNF:1
FNH:1
FNDA:1,(anonymous_0)
DA:1,1
DA:2,1
DA:3,1
DA:4,1
DA:6,1
DA:7,1
DA:12,1
DA:13,1
DA:18,1
DA:22,1
DA:26,1
DA:30,1
DA:34,1
DA:39,1
DA:44,1
DA:48,1
DA:52,1
LF:17
LH:17
BRF:0
BRH:0
end_of_record
TN:
SF:apps\services\src\routes\system\system.router.ts
FN:6,(anonymous_0)
FNF:1
FNH:1
FNDA:1,(anonymous_0)
DA:1,1
DA:2,1
DA:3,1
DA:4,1
DA:6,1
DA:7,1
DA:12,1
DA:13,1
DA:14,1
DA:15,1
DA:16,1
DA:21,1
LF:12
LH:12
BRF:0
BRH:0
end_of_record
TN:
SF:apps\services\src\routes\user\user.router.ts
FN:6,(anonymous_0)
FNF:1
FNH:1
FNDA:1,(anonymous_0)
DA:1,1
DA:2,1
DA:3,1
DA:4,1
DA:6,1
DA:7,1
DA:12,1
DA:13,1
DA:14,1
DA:15,1
DA:20,1
LF:11
LH:11
BRF:0
BRH:0
end_of_record
