TN:
SF:apps\services\src\routes\default.ts
FN:1,testHelloWorld
FNF:1
FNH:1
FNDA:1,testHelloWorld
DA:2,1
DA:5,1
LF:2
LH:2
BRF:0
BRH:0
end_of_record
TN:
SF:apps\services\src\routes\appliance\appliance.router.ts
FN:6,(anonymous_0)
FNF:1
FNH:1
FNDA:1,(anonymous_0)
DA:1,1
DA:2,1
DA:3,1
DA:4,1
DA:6,1
DA:7,1
DA:12,1
DA:13,1
DA:18,1
DA:19,1
DA:20,1
DA:25,1
LF:12
LH:12
BRF:0
BRH:0
end_of_record
TN:
SF:apps\services\src\routes\auth\auth.router.ts
FN:6,(anonymous_0)
FNF:1
FNH:1
FNDA:1,(anonymous_0)
DA:1,1
DA:2,1
DA:3,1
DA:4,1
DA:6,1
DA:7,1
DA:12,1
DA:14,1
DA:15,1
DA:16,1
DA:17,1
LF:11
LH:11
BRF:0
BRH:0
end_of_record
TN:
SF:apps\services\src\routes\key\key.router.ts
FN:6,(anonymous_0)
FNF:1
FNH:1
FNDA:1,(anonymous_0)
DA:1,1
DA:2,1
DA:3,1
DA:4,1
DA:6,1
DA:7,1
DA:12,1
DA:13,1
DA:14,1
DA:15,1
DA:16,1
DA:17,1
LF:12
LH:12
BRF:0
BRH:0
end_of_record
TN:
SF:apps\services\src\routes\system\system.router.ts
FN:6,(anonymous_0)
FNF:1
FNH:1
FNDA:1,(anonymous_0)
DA:1,1
DA:2,1
DA:3,1
DA:4,1
DA:6,1
DA:7,1
DA:12,1
DA:13,1
DA:14,1
DA:15,1
DA:16,1
DA:21,1
LF:12
LH:12
BRF:0
BRH:0
end_of_record
TN:
SF:apps\services\src\routes\user\user.router.ts
FN:6,(anonymous_0)
FNF:1
FNH:1
FNDA:1,(anonymous_0)
DA:1,1
DA:2,1
DA:3,1
DA:4,1
DA:6,1
DA:7,1
DA:12,1
DA:13,1
DA:14,1
DA:15,1
DA:20,1
LF:11
LH:11
BRF:0
BRH:0
end_of_record
